Removed Pin From Net: NetName=GND Pin=J3-1
Removed Pin From Net: NetName=VIN Pin=J3-2
Removed Pin From Net: NetName=SERVO Pin=J3-3
Removed Pin From Net: NetName=VIN Pin=J?-1
Removed Pin From Net: NetName=GND Pin=J?-2
Removed Pin From Net: NetName=NetC12_2 Pin=J?-3
Removed Pin From Net: NetName=CHARGE_SENSE Pin=J?-4
Change Component Footprint: Designator=J? Old Footprint=691210910004 New Footprint=691210910008
Change Component Comment : Designator=J? Old Comment=691210910004 New Comment=691210910008
Change component parameters. Clean all parameters for all variants
Change component parameters (AddParameter): Name = "ComponentLink1 Description"; Value = "Manufacturer"; VariantName = "[No Variations]"
Change component parameters (AddParameter): Name = "ComponentLink1URL"; Value = "http://www.we-online.com"; VariantName = "[No Variations]"
Change component parameters (AddParameter): Name = "ComponentLink2 Description"; Value = "Datasheet"; VariantName = "[No Variations]"
Change component parameters (AddParameter): Name = "ComponentLink2URL"; Value = "http://katalog.we-online.de/em/datasheet/6912109100xx.pdf"; VariantName = "[No Variations]"
Change component parameters (AddParameter): Name = "Created by"; Value = "Karrer Zheng"; VariantName = "[No Variations]"
Change component parameters (AddParameter): Name = "Created Date"; Value = "8 Novenber 2013"; VariantName = "[No Variations]"
Change component parameters (AddParameter): Name = "Manufacturer"; Value = "Würth Elektronik eiSos GmbH"; VariantName = "[No Variations]"
Change component parameters (AddParameter): Name = "NoPins"; Value = "8"; VariantName = "[No Variations]"
Change component parameters (AddParameter): Name = "partNo"; Value = "691210910008"; VariantName = "[No Variations]"
Added Pin To Net: NetName=GND Pin=J?-1
Added Pin To Net: NetName=VIN Pin=J?-2
Added Pin To Net: NetName=SERVO Pin=J?-3
Added Pin To Net: NetName=VIN Pin=J?-4
Added Pin To Net: NetName=GND Pin=J?-5
Added Pin To Net: NetName=GND Pin=J?-6
Added Pin To Net: NetName=NetC12_2 Pin=J?-7
Added Pin To Net: NetName=CHARGE_SENSE Pin=J?-8
